Arguments: 
  C:\Program Files\nodejs\node.exe C:\Users\marze\AppData\Roaming\npm\node_modules\yarn\bin\yarn.js init

PATH: 
  C:\ProgramData\Oracle\Java\javapath;c:\program files\graphicsmagick-1.3.26-q8;C:\Program Files\ImageMagick-7.0.6-Q16;C:\Program Files (x86)\Intel\iCLS Client\;C:\Program Files\Intel\iCLS Client\;C:\Windows\system32;C:\Windows;C:\Windows\System32\Wbem;C:\Windows\System32\WindowsPowerShell\v1.0\;C:\Program Files (x86)\NVIDIA Corporation\PhysX\Common;C:\Program Files (x86)\Intel\Intel(R) Management Engine Components\DAL;C:\Program Files\Intel\Intel(R) Management Engine Components\DAL;C:\Program Files (x86)\Intel\Intel(R) Management Engine Components\IPT;C:\Program Files\Intel\Intel(R) Management Engine Components\IPT;C:\HashiCorp\Vagrant\bin;C:\Program Files (x86)\Skype\Phone\;C:\Program Files\Git\cmd;C:\WINDOWS\system32;C:\WINDOWS;C:\WINDOWS\System32\Wbem;C:\WINDOWS\System32\WindowsPowerShell\v1.0\;C:\Program Files\nodejs\;C:\Users\marze\AppData\Local\Microsoft\WindowsApps;C:\Program Files\Heroku\bin;C:\Users\marze\AppData\Local\atom\bin;C:\Users\marze\AppData\Local\Microsoft\WindowsApps;;C:\Program Files\Microsoft VS Code\bin;C:\Users\marze\AppData\Roaming\npm

Yarn version: 
  1.2.1

Node version: 
  9.0.0

Platform: 
  win32 x64

npm manifest: 
  No manifest

yarn manifest: 
  No manifest

Lockfile: 
  No lockfile

Trace: 
  Error: canceled
      at Interface.<anonymous> (C:\Users\marze\AppData\Roaming\npm\node_modules\yarn\lib\cli.js:120971:13)
      at emitNone (events.js:115:13)
      at Interface.emit (events.js:218:7)
      at Interface._ttyWrite (readline.js:786:16)
      at ReadStream.onkeypress (readline.js:165:10)
      at emitTwo (events.js:135:13)
      at ReadStream.emit (events.js:224:7)
      at emitKeys (internal/readline.js:420:14)
      at emitKeys.next (<anonymous>)
      at ReadStream.onData (readline.js:1022:36)
